<?xml version="1.0" encoding="UTF-8"?>
<testsuite xmlns:xsi="http://www.w3.org/2001/XMLSchema-instance" xsi:noNamespaceSchemaLocation="https://maven.apache.org/surefire/maven-surefire-plugin/xsd/surefire-test-report-3.0.xsd" version="3.0" name="PersonTest" time="0.025" tests="1" errors="1" skipped="0" failures="0">
  <properties>
[...]
</properties>
  <testcase name="setAgeThrowsExceptionIfIsNegative" classname="PersonTest" time="0.013">
    <error message="Name should be in this format: firsName LastName" type="java.lang.IllegalArgumentException"><![CDATA[java.lang.IllegalArgumentException: Name should be in this format: firsName LastName
	at org.example.Person.<init>(Person.java:14)
	at PersonTest.setAgeThrowsExceptionIfIsNegative(PersonTest.java:10)
	at java.base/java.lang.reflect.Method.invoke(Method.java:565)
	at java.base/java.util.ArrayList.forEach(ArrayList.java:1604)
	at java.base/java.util.ArrayList.forEach(ArrayList.java:1604)
]]></error>
  </testcase>
</testsuite>